<?xml version="1.0" encoding="UTF-8"?>
<!-- Generated by org.testng.reporters.JUnitReportReporter -->
<testsuite skipped="0" hostname="DESKTOP-A6GIKER" name="testcases.UserHomePageTest" tests="1" failures="0" timestamp="2022-11-30T03:48:30 IST" time="24.798" errors="0">
  <testcase name="UserHomeTest" time="24.798" classname="testcases.UserHomePageTest"/>
  <system-out/>
</testsuite> <!-- testcases.UserHomePageTest -->
