<?xml version="1.0" encoding="UTF-8"?>
<!-- Generated by org.testng.reporters.JUnitReportReporter -->
<testsuite skipped="0" hostname="DESKTOP-A6GIKER" name="testcases.ManageProductPageTest" tests="1" failures="0" timestamp="2022-11-27T18:14:58 IST" time="24.858" errors="0">
  <testcase name="ManageProductTest" time="24.858" classname="testcases.ManageProductPageTest"/>
  <system-out/>
</testsuite> <!-- testcases.ManageProductPageTest -->
