<?xml version="1.0" encoding="UTF-8"?>
<!-- Generated by org.testng.reporters.JUnitReportReporter -->
<testsuite skipped="0" hostname="DESKTOP-A6GIKER" name="testcases.LoginPageTest" tests="4" failures="0" timestamp="2022-11-30T03:48:30 IST" time="51.968" errors="0">
  <testcase name="LoginValidationTest2" time="11.706" classname="testcases.LoginPageTest"/>
  <system-out/>
  <testcase name="LoginValidationTest" time="13.886" classname="testcases.LoginPageTest"/>
  <system-out/>
  <testcase name="LoginValidationTest1" time="11.765" classname="testcases.LoginPageTest"/>
  <system-out/>
  <testcase name="LoginSuccessTest" time="14.611" classname="testcases.LoginPageTest"/>
  <system-out/>
</testsuite> <!-- testcases.LoginPageTest -->
