<?xml version="1.0" encoding="UTF-8"?>
<!-- Generated by org.testng.reporters.JUnitReportReporter -->
<testsuite skipped="0" hostname="DESKTOP-A6GIKER" name="testcases.AdminHomePageTest" tests="1" failures="0" timestamp="2022-11-27T18:13:46 IST" time="18.394" errors="0">
  <testcase name="AdminHomeTest" time="18.394" classname="testcases.AdminHomePageTest"/>
  <system-out/>
</testsuite> <!-- testcases.AdminHomePageTest -->
