<?xml version="1.0" encoding="UTF-8"?>
<!-- Generated by org.testng.reporters.JUnitReportReporter -->
<testsuite skipped="0" hostname="DESKTOP-A6GIKER" name="testcases.ViewProductPageTest" tests="1" failures="0" timestamp="2022-09-14T00:05:23 IST" time="35.239" errors="0">
  <testcase name="ViewProductTest" time="35.239" classname="testcases.ViewProductPageTest"/>
  <system-out/>
</testsuite> <!-- testcases.ViewProductPageTest -->
