<?xml version="1.0" encoding="UTF-8"?>
<!-- Generated by org.testng.reporters.JUnitReportReporter -->
<testsuite skipped="0" hostname="DESKTOP-A6GIKER" name="testcases.LoginPageTest" tests="4" failures="0" timestamp="2022-11-27T18:14:13 IST" time="16.623" errors="0">
  <testcase name="LoginValidationTest" time="4.701" classname="testcases.LoginPageTest"/>
  <system-out/>
  <testcase name="LoginSuccessTest" time="4.071" classname="testcases.LoginPageTest"/>
  <system-out/>
  <testcase name="LoginValidationTest1" time="3.892" classname="testcases.LoginPageTest"/>
  <system-out/>
  <testcase name="LoginValidationTest2" time="3.959" classname="testcases.LoginPageTest"/>
  <system-out/>
</testsuite> <!-- testcases.LoginPageTest -->
